Detecting compiler hash for triplet x64-windows...
Compiler found: C:/Program Files (x86)/Microsoft Visual Studio/18/BuildTools/VC/Tools/MSVC/14.50.35717/bin/Hostx64/x64/cl.exe
The following packages will be built and installed:
    imgui[core,dx12-binding,win32-binding]:x64-windows@1.91.9
  * vcpkg-cmake:x64-windows@2024-04-23
  * vcpkg-cmake-config:x64-windows@2024-05-23
Additional packages (*) will be modified to complete this operation.
Restored 2 package(s) from C:\Users\Jacob\AppData\Local\vcpkg\archives in 70.1 ms. Use --debug to see more details.
Installing 1/3 vcpkg-cmake-config:x64-windows@2024-05-23...
Elapsed time to handle vcpkg-cmake-config:x64-windows: 4.83 ms
vcpkg-cmake-config:x64-windows package ABI: efd9d162cc549ed11ab28675ae7ddd16ea8e941b8d19ca53ed956fc1fb9f7f4d
Installing 2/3 vcpkg-cmake:x64-windows@2024-04-23...
Elapsed time to handle vcpkg-cmake:x64-windows: 7.31 ms
vcpkg-cmake:x64-windows package ABI: 60549859c8f68d9a6b06ab894764df4158baa010d766664132d0cfacf6754608
Installing 3/3 imgui[core,dx12-binding,win32-binding]:x64-windows@1.91.9...
Building imgui[core,dx12-binding,win32-binding]:x64-windows@1.91.9...
-- Note: imgui only supports static library linkage. Building static library.
Downloading https://github.com/ocornut/imgui/archive/v1.91.9.tar.gz -> ocornut-imgui-v1.91.9.tar.gz
Successfully downloaded ocornut-imgui-v1.91.9.tar.gz
-- Extracting source C:/vcpkg/downloads/ocornut-imgui-v1.91.9.tar.gz
-- Using source at C:/vcpkg/buildtrees/imgui/src/v1.91.9-afb09617a6.clean
-- Configuring x64-windows
-- Building x64-windows-dbg
-- Building x64-windows-rel
-- Installing: C:/vcpkg/packages/imgui_x64-windows/share/imgui/copyright
-- Performing post-build validation
Starting submission of imgui[core,dx12-binding,win32-binding]:x64-windows@1.91.9 to 1 binary cache(s) in the background
Elapsed time to handle imgui:x64-windows: 5.4 s
imgui:x64-windows package ABI: 5e5c5a2cf20ce8b9a3d78c79a4f47412e77d00f93a44daf9117471e988cfdf68
Installed contents are licensed to you by owners. Microsoft is not responsible for, nor does it grant any licenses to, third-party packages.
Packages installed in this vcpkg installation declare the following licenses:
MIT
imgui provides CMake targets:

  # this is heuristically generated, and may not be correct
  find_package(imgui CONFIG REQUIRED)
  target_link_libraries(main PRIVATE imgui::imgui)

Waiting for 1 remaining binary cache submissions...
Completed submission of imgui[core,dx12-binding,win32-binding]:x64-windows@1.91.9 to 1 binary cache(s) in 619 ms (1/1)
All requested installations completed successfully in: 5.4 s
